0 info it worked if it ends with ok
1 verbose cli [ 'node',
1 verbose cli   '/Users/shayneboyer/.npm-packages/bin/npm',
1 verbose cli   'run',
1 verbose cli   'tsc' ]
2 info using npm@2.12.1
3 info using node@v0.12.2
4 verbose node symlink /usr/local/bin/node
5 verbose run-script [ 'pretsc', 'tsc', 'posttsc' ]
6 info pretsc angular2-findamber@0.0.1
7 info tsc angular2-findamber@0.0.1
8 verbose unsafe-perm in lifecycle true
9 info angular2-findamber@0.0.1 Failed to exec tsc script
10 verbose stack Error: angular2-findamber@0.0.1 tsc: `tsc -p src -w`
10 verbose stack Exit status 1
10 verbose stack     at EventEmitter.<anonymous> (/Users/shayneboyer/.npm-packages/lib/node_modules/npm/lib/utils/lifecycle.js:213:16)
10 verbose stack     at EventEmitter.emit (events.js:110:17)
10 verbose stack     at ChildProcess.<anonymous> (/Users/shayneboyer/.npm-packages/lib/node_modules/npm/lib/utils/spawn.js:24:14)
10 verbose stack     at ChildProcess.emit (events.js:110:17)
10 verbose stack     at maybeClose (child_process.js:1015:16)
10 verbose stack     at Process.ChildProcess._handle.onexit (child_process.js:1087:5)
11 verbose pkgid angular2-findamber@0.0.1
12 verbose cwd /Users/shayneboyer/spboyer/angular2-findamber
13 error Darwin 14.5.0
14 error argv "node" "/Users/shayneboyer/.npm-packages/bin/npm" "run" "tsc"
15 error node v0.12.2
16 error npm  v2.12.1
17 error code ELIFECYCLE
18 error angular2-findamber@0.0.1 tsc: `tsc -p src -w`
18 error Exit status 1
19 error Failed at the angular2-findamber@0.0.1 tsc script 'tsc -p src -w'.
19 error This is most likely a problem with the angular2-findamber package,
19 error not with npm itself.
19 error Tell the author that this fails on your system:
19 error     tsc -p src -w
19 error You can get their info via:
19 error     npm owner ls angular2-findamber
19 error There is likely additional logging output above.
20 verbose exit [ 1, true ]
